#
# There is insufficient memory for the Java Runtime Environment to continue.
# Native memory allocation (malloc) failed to allocate 138656 bytes for Chunk::new
# Possible reasons:
#   The system is out of physical RAM or swap space
#   In 32 bit mode, the process size limit was hit
# Possible solutions:
#   Reduce memory load on the system
#   Increase physical memory or swap space
#   Check if swap backing store is full
#   Use 64 bit Java on a 64 bit OS
#   Decrease Java heap size (-Xmx/-Xms)
#   Decrease number of Java threads
#   Decrease Java thread stack sizes (-Xss)
#   Set larger code cache with -XX:ReservedCodeCacheSize=
# This output file may be truncated or incomplete.
#
#  Out of Memory Error (allocation.cpp:390), pid=13216, tid=0x0000000000003078
#
# JRE version: Java(TM) SE Runtime Environment (8.0_112-b15) (build 1.8.0_112-b15)
# Java VM: Java HotSpot(TM) 64-Bit Server VM (25.112-b15 mixed mode windows-amd64 compressed oops)
# Failed to write core dump. Minidumps are not enabled by default on client versions of Windows
#

---------------  T H R E A D  ---------------

Current thread (0x0000000014a46000):  JavaThread "C2 CompilerThread0" daemon [_thread_in_native, id=12408, stack(0x0000000016190000,0x0000000016290000)]

Stack: [0x0000000016190000,0x0000000016290000]
[error occurred during error reporting (printing stack bounds), id 0xc0000005]

Native frames: (J=compiled Java code, j=interpreted, Vv=VM code, C=native code)


Current CompileTask:
C2:   4222 1173   !   4       java.util.concurrent.ConcurrentHashMap::putVal (362 bytes)


---------------  P R O C E S S  ---------------

Java Threads: ( => current thread )
  0x00000000174ec000 JavaThread "pool-1-thread-1" [_thread_blocked, id=6592, stack(0x0000000019a70000,0x0000000019b70000)]
  0x0000000017f22000 JavaThread "Abandoned connection cleanup thread" daemon [_thread_blocked, id=11768, stack(0x0000000019230000,0x0000000019330000)]
  0x000000001639c000 JavaThread "Service Thread" daemon [_thread_blocked, id=11292, stack(0x0000000016890000,0x0000000016990000)]
  0x0000000014a9c000 JavaThread "C1 CompilerThread2" daemon [_thread_blocked, id=13240, stack(0x0000000016790000,0x0000000016890000)]
  0x0000000014a48800 JavaThread "C2 CompilerThread1" daemon [_thread_blocked, id=9756, stack(0x0000000016290000,0x0000000016390000)]
=>0x0000000014a46000 JavaThread "C2 CompilerThread0" daemon [_thread_in_native, id=12408, stack(0x0000000016190000,0x0000000016290000)]
  0x0000000014a44800 JavaThread "Attach Listener" daemon [_thread_blocked, id=9332, stack(0x0000000016090000,0x0000000016190000)]
  0x0000000014a43800 JavaThread "Signal Dispatcher" daemon [_thread_blocked, id=12664, stack(0x0000000015f90000,0x0000000016090000)]
  0x0000000014a2a800 JavaThread "Finalizer" daemon [_thread_blocked, id=7588, stack(0x0000000015ca0000,0x0000000015da0000)]
  0x0000000014a09000 JavaThread "Reference Handler" daemon [_thread_blocked, id=5712, stack(0x0000000015ba0000,0x0000000015ca0000)]
  0x0000000002354800 JavaThread "main" [_thread_in_vm, id=9424, stack(0x00000000021d0000,0x00000000022d0000)]

Other Threads:
  0x0000000014a07800 VMThread [stack: 0x0000000015aa0000,0x0000000015ba0000] [id=12124]
  0x00000000163cf000 WatcherThread [stack: 0x0000000016990000,0x0000000016a90000] [id=12584]

VM state:not at safepoint (normal execution)

VM Mutex/Monitor currently owned by a thread: None

Heap:
 PSYoungGen      total 18944K, used 8158K [0x00000000eb300000, 0x00000000ec800000, 0x0000000100000000)
  eden space 16384K, 37% used [0x00000000eb300000,0x00000000eb9102f0,0x00000000ec300000)
  from space 2560K, 76% used [0x00000000ec300000,0x00000000ec4e7528,0x00000000ec580000)
  to   space 2560K, 0% used [0x00000000ec580000,0x00000000ec580000,0x00000000ec800000)
 ParOldGen       total 37376K, used 8362K [0x00000000c1800000, 0x00000000c3c80000, 0x00000000eb300000)
  object space 37376K, 22% used [0x00000000c1800000,0x00000000c202a830,0x00000000c3c80000)
 Metaspace       used 15312K, capacity 15368K, committed 15616K, reserved 1064960K
  class space    used 1925K, capacity 1940K, committed 2048K, reserved 1048576K

Card table byte_map: [0x0000000011810000,0x0000000011a10000] byte_map_base: 0x0000000011204000

Marking Bits: (ParMarkBitMap*) 0x0000000066dda6d0
 Begin Bits: [0x0000000011f60000, 0x0000000012f00000)
 End Bits:   [0x0000000012f00000, 0x0000000013ea0000)

Polling page: 0x00000000006c0000

CodeCache: size=245760Kb used=4386Kb max_used=4391Kb free=241373Kb
 bounds [0x0000000002450000, 0x00000000028a0000, 0x0000000011450000]
 total_blobs=1591 nmethods=1168 adapters=336
 compilation: enabled

Compilation events (10 events):
Event: 4.098 Thread 0x0000000014a48800 nmethod 1168 0x000000000289ba10 code [0x000000000289bb60, 0x000000000289bc08]
Event: 4.098 Thread 0x0000000014a9c000 1169       3       java.util.jar.Manifest$FastInputStream::peek (38 bytes)
Event: 4.099 Thread 0x0000000014a9c000 nmethod 1169 0x000000000289ab10 code [0x000000000289ac80, 0x000000000289aec8]
Event: 4.143 Thread 0x0000000014a9c000 1170       3       java.lang.Integer::<init> (10 bytes)
Event: 4.143 Thread 0x0000000014a9c000 nmethod 1170 0x000000000289a490 code [0x000000000289a600, 0x000000000289a810]
Event: 4.177 Thread 0x0000000014a9c000 1171       3       java.lang.Class::getConstructor (16 bytes)
Event: 4.178 Thread 0x0000000014a9c000 nmethod 1171 0x000000000289e510 code [0x000000000289e6a0, 0x000000000289e8a8]
Event: 4.178 Thread 0x0000000014a9c000 1172  s    3       java.util.Hashtable::containsKey (65 bytes)
Event: 4.179 Thread 0x0000000014a9c000 nmethod 1172 0x000000000289dad0 code [0x000000000289dc60, 0x000000000289e298]
Event: 4.209 Thread 0x0000000014a46000 1173   !   4       java.util.concurrent.ConcurrentHashMap::putVal (362 bytes)

GC Heap History (10 events):
Event: 2.434 GC heap before
{Heap before GC invocations=6 (full 0):
 PSYoungGen      total 18944K, used 18926K [0x00000000eb300000, 0x00000000ec800000, 0x0000000100000000)
  eden space 16384K, 100% used [0x00000000eb300000,0x00000000ec300000,0x00000000ec300000)
  from space 2560K, 99% used [0x00000000ec300000,0x00000000ec57b8d0,0x00000000ec580000)
  to   space 2560K, 0% used [0x00000000ec580000,0x00000000ec580000,0x00000000ec800000)
 ParOldGen       total 44032K, used 4494K [0x00000000c1800000, 0x00000000c4300000, 0x00000000eb300000)
  object space 44032K, 10% used [0x00000000c1800000,0x00000000c1c63a50,0x00000000c4300000)
 Metaspace       used 10093K, capacity 10230K, committed 10368K, reserved 1058816K
  class space    used 1242K, capacity 1297K, committed 1408K, reserved 1048576K
Event: 2.446 GC heap after
Heap after GC invocations=6 (full 0):
 PSYoungGen      total 18944K, used 2537K [0x00000000eb300000, 0x00000000ec800000, 0x0000000100000000)
  eden space 16384K, 0% used [0x00000000eb300000,0x00000000eb300000,0x00000000ec300000)
  from space 2560K, 99% used [0x00000000ec580000,0x00000000ec7fa780,0x00000000ec800000)
  to   space 2560K, 0% used [0x00000000ec300000,0x00000000ec300000,0x00000000ec580000)
 ParOldGen       total 44032K, used 5980K [0x00000000c1800000, 0x00000000c4300000, 0x00000000eb300000)
  object space 44032K, 13% used [0x00000000c1800000,0x00000000c1dd7120,0x00000000c4300000)
 Metaspace       used 10093K, capacity 10230K, committed 10368K, reserved 1058816K
  class space    used 1242K, capacity 1297K, committed 1408K, reserved 1048576K
}
Event: 3.208 GC heap before
{Heap before GC invocations=7 (full 0):
 PSYoungGen      total 18944K, used 8072K [0x00000000eb300000, 0x00000000ec800000, 0x0000000100000000)
  eden space 16384K, 33% used [0x00000000eb300000,0x00000000eb8679f0,0x00000000ec300000)
  from space 2560K, 99% used [0x00000000ec580000,0x00000000ec7fa780,0x00000000ec800000)
  to   space 2560K, 0% used [0x00000000ec300000,0x00000000ec300000,0x00000000ec580000)
 ParOldGen       total 44032K, used 5980K [0x00000000c1800000, 0x00000000c4300000, 0x00000000eb300000)
  object space 44032K, 13% used [0x00000000c1800000,0x00000000c1dd7120,0x00000000c4300000)
 Metaspace       used 12152K, capacity 12246K, committed 12288K, reserved 1064960K
  class space    used 1468K, capacity 1521K, committed 1536K, reserved 1048576K
Event: 3.216 GC heap after
Heap after GC invocations=7 (full 0):
 PSYoungGen      total 18944K, used 2547K [0x00000000eb300000, 0x00000000ec800000, 0x0000000100000000)
  eden space 16384K, 0% used [0x00000000eb300000,0x00000000eb300000,0x00000000ec300000)
  from space 2560K, 99% used [0x00000000ec300000,0x00000000ec57ce78,0x00000000ec580000)
  to   space 2560K, 0% used [0x00000000ec580000,0x00000000ec580000,0x00000000ec800000)
 ParOldGen       total 44032K, used 8124K [0x00000000c1800000, 0x00000000c4300000, 0x00000000eb300000)
  object space 44032K, 18% used [0x00000000c1800000,0x00000000c1fef390,0x00000000c4300000)
 Metaspace       used 12152K, capacity 12246K, committed 12288K, reserved 1064960K
  class space    used 1468K, capacity 1521K, committed 1536K, reserved 1048576K
}
Event: 3.216 GC heap before
{Heap before GC invocations=8 (full 1):
 PSYoungGen      total 18944K, used 2547K [0x00000000eb300000, 0x00000000ec800000, 0x0000000100000000)
  eden space 16384K, 0% used [0x00000000eb300000,0x00000000eb300000,0x00000000ec300000)
  from space 2560K, 99% used [0x00000000ec300000,0x00000000ec57ce78,0x00000000ec580000)
  to   space 2560K, 0% used [0x00000000ec580000,0x00000000ec580000,0x00000000ec800000)
 ParOldGen       total 44032K, used 8124K [0x00000000c1800000, 0x00000000c4300000, 0x00000000eb300000)
  object space 44032K, 18% used [0x00000000c1800000,0x00000000c1fef390,0x00000000c4300000)
 Metaspace       used 12152K, capacity 12246K, committed 12288K, reserved 1064960K
  class space    used 1468K, capacity 1521K, committed 1536K, reserved 1048576K
Event: 3.268 GC heap after
Heap after GC invocations=8 (full 1):
 PSYoungGen      total 18944K, used 0K [0x00000000eb300000, 0x00000000ec800000, 0x0000000100000000)
  eden space 16384K, 0% used [0x00000000eb300000,0x00000000eb300000,0x00000000ec300000)
  from space 2560K, 0% used [0x00000000ec300000,0x00000000ec300000,0x00000000ec580000)
  to   space 2560K, 0% used [0x00000000ec580000,0x00000000ec580000,0x00000000ec800000)
 ParOldGen       total 37376K, used 8346K [0x00000000c1800000, 0x00000000c3c80000, 0x00000000eb300000)
  object space 37376K, 22% used [0x00000000c1800000,0x00000000c2026830,0x00000000c3c80000)
 Metaspace       used 12152K, capacity 12246K, committed 12288K, reserved 1062912K
  class space    used 1468K, capacity 1521K, committed 1536K, reserved 1048576K
}
Event: 3.766 GC heap before
{Heap before GC invocations=9 (full 1):
 PSYoungGen      total 18944K, used 16384K [0x00000000eb300000, 0x00000000ec800000, 0x0000000100000000)
  eden space 16384K, 100% used [0x00000000eb300000,0x00000000ec300000,0x00000000ec300000)
  from space 2560K, 0% used [0x00000000ec300000,0x00000000ec300000,0x00000000ec580000)
  to   space 2560K, 0% used [0x00000000ec580000,0x00000000ec580000,0x00000000ec800000)
 ParOldGen       total 37376K, used 8346K [0x00000000c1800000, 0x00000000c3c80000, 0x00000000eb300000)
  object space 37376K, 22% used [0x00000000c1800000,0x00000000c2026830,0x00000000c3c80000)
 Metaspace       used 13766K, capacity 13910K, committed 14080K, reserved 1062912K
  class space    used 1722K, capacity 1777K, committed 1792K, reserved 1048576K
Event: 3.772 GC heap after
Heap after GC invocations=9 (full 1):
 PSYoungGen      total 18944K, used 1556K [0x00000000eb300000, 0x00000000ec800000, 0x0000000100000000)
  eden space 16384K, 0% used [0x00000000eb300000,0x00000000eb300000,0x00000000ec300000)
  from space 2560K, 60% used [0x00000000ec580000,0x00000000ec7050d0,0x00000000ec800000)
  to   space 2560K, 0% used [0x00000000ec300000,0x00000000ec300000,0x00000000ec580000)
 ParOldGen       total 37376K, used 8354K [0x00000000c1800000, 0x00000000c3c80000, 0x00000000eb300000)
  object space 37376K, 22% used [0x00000000c1800000,0x00000000c2028830,0x00000000c3c80000)
 Metaspace       used 13766K, capacity 13910K, committed 14080K, reserved 1062912K
  class space    used 1722K, capacity 1777K, committed 1792K, reserved 1048576K
}
Event: 4.110 GC heap before
{Heap before GC invocations=10 (full 1):
 PSYoungGen      total 18944K, used 17940K [0x00000000eb300000, 0x00000000ec800000, 0x0000000100000000)
  eden space 16384K, 100% used [0x00000000eb300000,0x00000000ec300000,0x00000000ec300000)
  from space 2560K, 60% used [0x00000000ec580000,0x00000000ec7050d0,0x00000000ec800000)
  to   space 2560K, 0% used [0x00000000ec300000,0x00000000ec300000,0x00000000ec580000)
 ParOldGen       total 37376K, used 8354K [0x00000000c1800000, 0x00000000c3c80000, 0x00000000eb300000)
  object space 37376K, 22% used [0x00000000c1800000,0x00000000c2028830,0x00000000c3c80000)
 Metaspace       used 14984K, capacity 15080K, committed 15232K, reserved 1064960K
  class space    used 1878K, capacity 1908K, committed 1920K, reserved 1048576K
Event: 4.114 GC heap after
Heap after GC invocations=10 (full 1):
 PSYoungGen      total 18944K, used 1949K [0x00000000eb300000, 0x00000000ec800000, 0x0000000100000000)
  eden space 16384K, 0% used [0x00000000eb300000,0x00000000eb300000,0x00000000ec300000)
  from space 2560K, 76% used [0x00000000ec300000,0x00000000ec4e7528,0x00000000ec580000)
  to   space 2560K, 0% used [0x00000000ec580000,0x00000000ec580000,0x00000000ec800000)
 ParOldGen       total 37376K, used 8362K [0x00000000c1800000, 0x00000000c3c80000, 0x00000000eb300000)
  object space 37376K, 22% used [0x00000000c1800000,0x00000000c202a830,0x00000000c3c80000)
 Metaspace       used 14984K, capacity 15080K, committed 15232K, reserved 1064960K
  class space    used 1878K, capacity 1908K, committed 1920K, reserved 1048576K
}

Deoptimization events (10 events):
Event: 3.376 Thread 0x0000000002354800 Uncommon trap: reason=bimorphic action=maybe_recompile pc=0x00000000027e48e4 method=java.util.HashMap.putVal(ILjava/lang/Object;Ljava/lang/Object;ZZ)Ljava/lang/Object; @ 91
Event: 3.484 Thread 0x0000000002354800 Uncommon trap: reason=unstable_if action=reinterpret pc=0x0000000002788a24 method=java.util.HashMap.getNode(ILjava/lang/Object;)Ljava/util/HashMap$Node; @ 62
Event: 3.485 Thread 0x0000000002354800 Uncommon trap: reason=bimorphic action=maybe_recompile pc=0x00000000027e48e4 method=java.util.HashMap.putVal(ILjava/lang/Object;Ljava/lang/Object;ZZ)Ljava/lang/Object; @ 91
Event: 3.485 Thread 0x0000000002354800 Uncommon trap: reason=bimorphic action=maybe_recompile pc=0x00000000027e48e4 method=java.util.HashMap.putVal(ILjava/lang/Object;Ljava/lang/Object;ZZ)Ljava/lang/Object; @ 91
Event: 3.663 Thread 0x0000000002354800 Uncommon trap: reason=class_check action=maybe_recompile pc=0x00000000028324cc method=java.util.HashMap.putVal(ILjava/lang/Object;Ljava/lang/Object;ZZ)Ljava/lang/Object; @ 203
Event: 3.664 Thread 0x0000000002354800 Uncommon trap: reason=class_check action=maybe_recompile pc=0x00000000028324cc method=java.util.HashMap.putVal(ILjava/lang/Object;Ljava/lang/Object;ZZ)Ljava/lang/Object; @ 203
Event: 3.664 Thread 0x0000000002354800 Uncommon trap: reason=class_check action=maybe_recompile pc=0x00000000028324cc method=java.util.HashMap.putVal(ILjava/lang/Object;Ljava/lang/Object;ZZ)Ljava/lang/Object; @ 203
Event: 3.678 Thread 0x0000000002354800 Uncommon trap: reason=unstable_if action=reinterpret pc=0x0000000002658634 method=java.util.jar.Manifest$FastInputStream.peek()B @ 23
Event: 3.684 Thread 0x0000000002354800 Uncommon trap: reason=class_check action=maybe_recompile pc=0x00000000028324cc method=java.util.HashMap.putVal(ILjava/lang/Object;Ljava/lang/Object;ZZ)Ljava/lang/Object; @ 203
Event: 3.725 Thread 0x0000000002354800 Uncommon trap: reason=range_check action=make_not_entrant pc=0x000000000284ffe0 method=sun.reflect.generics.parser.SignatureParser.current()C @ 34

Internal exceptions (10 events):
Event: 3.725 Thread 0x0000000002354800 Exception <a 'java/lang/ArrayIndexOutOfBoundsException': 35> (0x00000000ec154f98) thrown at [C:\re\workspace\8-2-build-windows-amd64-cygwin\jdk8u112\7884\hotspot\src\share\vm\interpreter\interpreterRuntime.cpp, line 366]
Event: 3.725 Thread 0x0000000002354800 Exception <a 'java/lang/ArrayIndexOutOfBoundsException': 36> (0x00000000ec155ac8) thrown at [C:\re\workspace\8-2-build-windows-amd64-cygwin\jdk8u112\7884\hotspot\src\share\vm\interpreter\interpreterRuntime.cpp, line 366]
Event: 4.151 Thread 0x0000000002354800 Exception <a 'java/security/PrivilegedActionException'> (0x00000000eb4e95b8) thrown at [C:\re\workspace\8-2-build-windows-amd64-cygwin\jdk8u112\7884\hotspot\src\share\vm\prims\jvm.cpp, line 1390]
Event: 4.151 Thread 0x0000000002354800 Exception <a 'java/security/PrivilegedActionException'> (0x00000000eb4e99b0) thrown at [C:\re\workspace\8-2-build-windows-amd64-cygwin\jdk8u112\7884\hotspot\src\share\vm\prims\jvm.cpp, line 1390]
Event: 4.152 Thread 0x0000000002354800 Exception <a 'java/security/PrivilegedActionException'> (0x00000000eb4f05c8) thrown at [C:\re\workspace\8-2-build-windows-amd64-cygwin\jdk8u112\7884\hotspot\src\share\vm\prims\jvm.cpp, line 1390]
Event: 4.152 Thread 0x0000000002354800 Exception <a 'java/security/PrivilegedActionException'> (0x00000000eb4f09c0) thrown at [C:\re\workspace\8-2-build-windows-amd64-cygwin\jdk8u112\7884\hotspot\src\share\vm\prims\jvm.cpp, line 1390]
Event: 4.166 Thread 0x0000000002354800 Exception <a 'java/security/PrivilegedActionException'> (0x00000000eb5c29b8) thrown at [C:\re\workspace\8-2-build-windows-amd64-cygwin\jdk8u112\7884\hotspot\src\share\vm\prims\jvm.cpp, line 1390]
Event: 4.166 Thread 0x0000000002354800 Exception <a 'java/security/PrivilegedActionException'> (0x00000000eb5c2db0) thrown at [C:\re\workspace\8-2-build-windows-amd64-cygwin\jdk8u112\7884\hotspot\src\share\vm\prims\jvm.cpp, line 1390]
Event: 4.167 Thread 0x0000000002354800 Exception <a 'java/security/PrivilegedActionException'> (0x00000000eb5c99b8) thrown at [C:\re\workspace\8-2-build-windows-amd64-cygwin\jdk8u112\7884\hotspot\src\share\vm\prims\jvm.cpp, line 1390]
Event: 4.167 Thread 0x0000000002354800 Exception <a 'java/security/PrivilegedActionException'> (0x00000000eb5c9db0) thrown at [C:\re\workspace\8-2-build-windows-amd64-cygwin\jdk8u112\7884\hotspot\src\share\vm\prims\jvm.cpp, line 1390]

Events (10 events):
Event: 4.218 loading class org/hibernate/validator/internal/constraintvalidators/SizeValidatorForArraysOfBoolean
Event: 4.218 loading class org/hibernate/validator/internal/constraintvalidators/SizeValidatorForArraysOfBoolean done
Event: 4.218 loading class org/hibernate/validator/internal/constraintvalidators/SizeValidatorForArraysOfPrimitives
Event: 4.218 loading class org/hibernate/validator/internal/constraintvalidators/SizeValidatorForArraysOfPrimitives done
Event: 4.219 loading class org/hibernate/validator/internal/constraintvalidators/SizeValidatorForArraysOfByte
Event: 4.219 loading class org/hibernate/validator/internal/constraintvalidators/SizeValidatorForArraysOfByte done
Event: 4.220 loading class org/hibernate/validator/internal/constraintvalidators/SizeValidatorForArraysOfChar
Event: 4.220 loading class org/hibernate/validator/internal/constraintvalidators/SizeValidatorForArraysOfChar done
Event: 4.220 loading class org/hibernate/validator/internal/constraintvalidators/SizeValidatorForArraysOfDouble
Event: 4.220 loading class org/hibernate/validator/internal/constraintvalidators/SizeValidatorForArraysOfDouble done


Dynamic libraries:
0x00007ff6263d0000 - 0x00007ff626407000 	C:\Program Files\Java\jdk1.8.0_112\bin\java.exe
0x00007ffa480a0000 - 0x00007ffa48271000 	C:\WINDOWS\SYSTEM32\ntdll.dll
0x00007ffa47ab0000 - 0x00007ffa47b5b000 	C:\WINDOWS\System32\KERNEL32.DLL
0x00007ffa45310000 - 0x00007ffa4552d000 	C:\WINDOWS\System32\KERNELBASE.dll
0x00007ffa47a00000 - 0x00007ffa47aa2000 	C:\WINDOWS\System32\ADVAPI32.dll
0x00007ffa47760000 - 0x00007ffa477fe000 	C:\WINDOWS\System32\msvcrt.dll
0x00007ffa479a0000 - 0x00007ffa479f9000 	C:\WINDOWS\System32\sechost.dll
0x00007ffa46c40000 - 0x00007ffa46d61000 	C:\WINDOWS\System32\RPCRT4.dll
0x00007ffa46f10000 - 0x00007ffa47075000 	C:\WINDOWS\System32\USER32.dll
0x00007ffa44890000 - 0x00007ffa448ae000 	C:\WINDOWS\System32\win32u.dll
0x00007ffa46ed0000 - 0x00007ffa46f04000 	C:\WINDOWS\System32\GDI32.dll
0x00007ffa44690000 - 0x00007ffa44812000 	C:\WINDOWS\System32\gdi32full.dll
0x00007ffa3e9d0000 - 0x00007ffa3ec4a000 	C:\WINDOWS\WinSxS\amd64_microsoft.windows.common-controls_6595b64144ccf1df_6.0.14393.953_none_42151e83c686086b\COMCTL32.dll
0x00007ffa47dd0000 - 0x00007ffa48098000 	C:\WINDOWS\System32\combase.dll
0x00007ffa44590000 - 0x00007ffa44685000 	C:\WINDOWS\System32\ucrtbase.dll
0x00007ffa44820000 - 0x00007ffa4488a000 	C:\WINDOWS\System32\bcryptPrimitives.dll
0x00007ffa47da0000 - 0x00007ffa47dce000 	C:\WINDOWS\System32\IMM32.DLL
0x00000000664e0000 - 0x00000000665b2000 	C:\Program Files\Java\jdk1.8.0_112\jre\bin\msvcr100.dll
0x00000000665c0000 - 0x0000000066e5a000 	C:\Program Files\Java\jdk1.8.0_112\jre\bin\server\jvm.dll
0x00007ffa47bf0000 - 0x00007ffa47bf8000 	C:\WINDOWS\System32\PSAPI.DLL
0x00007ffa374c0000 - 0x00007ffa374c9000 	C:\WINDOWS\SYSTEM32\WSOCK32.dll
0x00007ffa474b0000 - 0x00007ffa4751a000 	C:\WINDOWS\System32\WS2_32.dll
0x00007ffa422b0000 - 0x00007ffa422d3000 	C:\WINDOWS\SYSTEM32\WINMM.dll
0x00007ffa3f290000 - 0x00007ffa3f29a000 	C:\WINDOWS\SYSTEM32\VERSION.dll
0x00007ffa42280000 - 0x00007ffa422ab000 	C:\WINDOWS\SYSTEM32\WINMMBASE.dll
0x00007ffa45530000 - 0x00007ffa45572000 	C:\WINDOWS\System32\cfgmgr32.dll
0x0000000066490000 - 0x000000006649f000 	C:\Program Files\Java\jdk1.8.0_112\jre\bin\verify.dll
0x0000000066460000 - 0x0000000066489000 	C:\Program Files\Java\jdk1.8.0_112\jre\bin\java.dll
0x0000000066440000 - 0x0000000066456000 	C:\Program Files\Java\jdk1.8.0_112\jre\bin\zip.dll
0x00007ffa456d0000 - 0x00007ffa46bd8000 	C:\WINDOWS\System32\SHELL32.dll
0x00007ffa44ae0000 - 0x00007ffa451ba000 	C:\WINDOWS\System32\windows.storage.dll
0x00007ffa44500000 - 0x00007ffa4454c000 	C:\WINDOWS\System32\powrprof.dll
0x00007ffa47b80000 - 0x00007ffa47bd2000 	C:\WINDOWS\System32\shlwapi.dll
0x00007ffa44560000 - 0x00007ffa4456f000 	C:\WINDOWS\System32\kernel.appcore.dll
0x00007ffa45580000 - 0x00007ffa45629000 	C:\WINDOWS\System32\shcore.dll
0x00007ffa44570000 - 0x00007ffa44584000 	C:\WINDOWS\System32\profapi.dll
0x0000000066420000 - 0x000000006643a000 	C:\Program Files\Java\jdk1.8.0_112\jre\bin\net.dll
0x00007ffa43e30000 - 0x00007ffa43e8c000 	C:\WINDOWS\system32\mswsock.dll
0x00007ffa43bf0000 - 0x00007ffa43c91000 	C:\WINDOWS\SYSTEM32\DNSAPI.dll
0x00007ffa47be0000 - 0x00007ffa47be8000 	C:\WINDOWS\System32\NSI.dll
0x00007ffa43bb0000 - 0x00007ffa43be8000 	C:\WINDOWS\SYSTEM32\IPHLPAPI.DLL
0x00007ffa37210000 - 0x00007ffa3721a000 	C:\Windows\System32\rasadhlp.dll
0x00007ffa3b450000 - 0x00007ffa3b4ba000 	C:\WINDOWS\System32\fwpuclnt.dll
0x00007ffa440e0000 - 0x00007ffa4410b000 	C:\WINDOWS\SYSTEM32\bcrypt.dll

VM Arguments:
jvm_args: -Dfile.encoding=UTF-8 -Xbootclasspath/p:C:\Program Files\NetBeans 8.1\enterprise\modules\ext\javaee7-endorsed\javax.annotation-api.jar;C:\Program Files\NetBeans 8.1\enterprise\modules\ext\javaee7-endorsed\javax.xml.soap-api.jar;C:\Program Files\NetBeans 8.1\enterprise\modules\ext\javaee7-endorsed\jaxb-api-osgi.jar;C:\Program Files\NetBeans 8.1\enterprise\modules\ext\javaee7-endorsed\jaxws-api.jar;C:\Program Files\NetBeans 8.1\enterprise\modules\ext\javaee7-endorsed\jsr181-api.jar 
java_command: model.ScheduleModel
java_class_path (initial): D:\WORKPLACE\Netbeans\WebApplication\WebApplication.teamfive\build\web\WEB-INF\classes;C:\Program Files\NetBeans 8.1\ide\modules\org-apache-commons-logging.jar;C:\Program Files\NetBeans 8.1\java\modules\ext\cglib-2.2.jar;C:\Program Files\NetBeans 8.1\java\modules\ext\spring-4\spring-aop-4.0.1.RELEASE.jar;C:\Program Files\NetBeans 8.1\java\modules\ext\spring-4\spring-aspects-4.0.1.RELEASE.jar;C:\Program Files\NetBeans 8.1\java\modules\ext\spring-4\spring-beans-4.0.1.RELEASE.jar;C:\Program Files\NetBeans 8.1\java\modules\ext\spring-4\spring-build-src-4.0.1.RELEASE.jar;C:\Program Files\NetBeans 8.1\java\modules\ext\spring-4\spring-context-4.0.1.RELEASE.jar;C:\Program Files\NetBeans 8.1\java\modules\ext\spring-4\spring-context-support-4.0.1.RELEASE.jar;C:\Program Files\NetBeans 8.1\java\modules\ext\spring-4\spring-core-4.0.1.RELEASE.jar;C:\Program Files\NetBeans 8.1\java\modules\ext\spring-4\spring-expression-4.0.1.RELEASE.jar;C:\Program Files\NetBeans 8.1\java\modules\ext\spring-4\spring-framework-bom-4.0.1.RELEASE.jar;C:\Program Files\NetBeans 8.1\java\modules\ext\spring-4\spring-instrument-4.0.1.RELEASE.jar;C:\Program Files\NetBeans 8.1\java\modules\ext\spring-4\spring-instrument-tomcat-4.0.1.RELEASE.jar;C:\Program Files\NetBeans 8.1\java\modules\ext\spring-4\spring-jdbc-4.0.1.RELEASE.jar;C:\Program Files\NetBeans 8.1\java\modules\ext\spring-4\spring-jms-4.0.1.RELEASE.jar;C:\Program Files\NetBeans 8.1\java\modules\ext\spring-4\spring-messaging-4.0.1.RELEASE.jar;C:\Program Files\NetBeans 8.1\java\modules\ext\spring-4\spring-orm-4.0.1.RELEASE.jar;C:\Program Files\NetBeans 8.1\java\modules\ext\spring-4\spring-oxm-4.0.1.RELEASE.jar;C:\Program Files\NetBeans 8.1\java\modules\ext\spring-4\spring-test-4.0.1.RELEASE.jar;C:\Program Files\NetBeans 8.1\java\modules\ext\spring-4\spring-tx-4.0.1.RELEASE.jar;C:\Program Files\NetBeans 8.1\java\modules\ext\spring-4\spring-web-4.0.1.RELEASE.jar;C:\Program Files\NetBeans 8.1\java\modules\ext\spring-4\sprin
Launcher Type: SUN_STANDARD

Environment Variables:
PATH=C:\Program Files\Microsoft MPI\Bin\;C:\Program Files (x86)\Intel\iCLS Client\;C:\Program Files\Intel\iCLS Client\;C:\ProgramData\Oracle\Java\javapath;C:\Windows\system32;C:\Windows;C:\Windows\System32\Wbem;C:\Windows\System32\WindowsPowerShell\v1.0\;C:\Program Files (x86)\NVIDIA Corporation\PhysX\Common;C:\WINDOWS\system32\config\systemprofile\.dnx\bin;C:\Program Files\Microsoft DNX\Dnvm\;C:\Program Files\Intel\Intel(R) Management Engine Components\DAL;C:\Program Files\Intel\Intel(R) Management Engine Components\IPT;C:\Program Files (x86)\Intel\Intel(R) Management Engine Components\DAL;C:\Program Files (x86)\Intel\Intel(R) Management Engine Components\IPT;C:\WINDOWS\system32;C:\WINDOWS;C:\WINDOWS\System32\Wbem;C:\WINDOWS\System32\WindowsPowerShell\v1.0\;C:\Program Files (x86)\Microsoft SQL Server\130\Tools\Binn\;C:\Program Files\Microsoft SQL Server\130\Tools\Binn\;C:\Program Files (x86)\Microsoft SQL Server\130\DTS\Binn\;C:\Program Files\Microsoft SQL Server\130\DTS\Binn\;C:\Program Files\Microsoft SQL Server\Client SDK\ODBC\130\Tools\Binn\;C:\Program Files (x86)\Microsoft SQL Server\Client SDK\ODBC\130\Tools\Binn\;C:\Program Files (x86)\Microsoft SQL Server\130\Tools\Binn\ManagementStudio\;C:\CooCox\CoIDE_V2Beta\bin;C:\Program Files (x86)\Rational\common;C:\Program Files\MySQL\MySQL Utilities 1.6\;C:\CooCox\CoIDE\gcc\bin;C:\Program Files (x86)\Skype\Phone\;C:\Users\NGUYEN VAN THIEN\AppData\Local\Microsoft\WindowsApps;
USERNAME=NGUYEN VAN THIEN
OS=Windows_NT
PROCESSOR_IDENTIFIER=Intel64 Family 6 Model 69 Stepping 1, GenuineIntel



---------------  S Y S T E M  ---------------

OS: Windows 10.0 , 64 bit Build 14393 (10.0.14393.0)

CPU:total 4 (2 cores per cpu, 2 threads per core) family 6 model 69 stepping 1, cmov, cx8, fxsr, mmx, sse, sse2, sse3, ssse3, sse4.1, sse4.2, popcnt, avx, avx2, aes, clmul, erms, lzcnt, ht, tsc, tscinvbit, bmi1, bmi2

Memory: 4k page, physical 4095984k(277636k free), swap 16678896k(5508k free)

vm_info: Java HotSpot(TM) 64-Bit Server VM (25.112-b15) for windows-amd64 JRE (1.8.0_112-b15), built on Sep 22 2016 21:31:56 by "java_re" with MS VC++ 10.0 (VS2010)

time: Mon May 01 00:52:28 2017
elapsed time: 4 seconds (0d 0h 0m 4s)

