#
# There is insufficient memory for the Java Runtime Environment to continue.
# Native memory allocation (malloc) failed to allocate 542256 bytes for Chunk::new
# Possible reasons:
#   The system is out of physical RAM or swap space
#   In 32 bit mode, the process size limit was hit
# Possible solutions:
#   Reduce memory load on the system
#   Increase physical memory or swap space
#   Check if swap backing store is full
#   Use 64 bit Java on a 64 bit OS
#   Decrease Java heap size (-Xmx/-Xms)
#   Decrease number of Java threads
#   Decrease Java thread stack sizes (-Xss)
#   Set larger code cache with -XX:ReservedCodeCacheSize=
# This output file may be truncated or incomplete.
#
#  Out of Memory Error (allocation.cpp:390), pid=13304, tid=0x0000000000001040
#
# JRE version: Java(TM) SE Runtime Environment (8.0_112-b15) (build 1.8.0_112-b15)
# Java VM: Java HotSpot(TM) 64-Bit Server VM (25.112-b15 mixed mode windows-amd64 compressed oops)
# Failed to write core dump. Minidumps are not enabled by default on client versions of Windows
#

---------------  T H R E A D  ---------------

Current thread (0x0000000015189000):  JavaThread "C2 CompilerThread1" daemon [_thread_in_native, id=4160, stack(0x00000000168c0000,0x00000000169c0000)]

Stack: [0x00000000168c0000,0x00000000169c0000]
[error occurred during error reporting (printing stack bounds), id 0xc0000005]

Native frames: (J=compiled Java code, j=interpreted, Vv=VM code, C=native code)


Current CompileTask:
C2:   1191  302       4       java.io.WinNTFileSystem::normalize (231 bytes)


---------------  P R O C E S S  ---------------

Java Threads: ( => current thread )
  0x0000000016aec800 JavaThread "Service Thread" daemon [_thread_blocked, id=13180, stack(0x0000000016ec0000,0x0000000016fc0000)]
  0x000000001518d000 JavaThread "C1 CompilerThread2" daemon [_thread_in_native, id=11960, stack(0x00000000169c0000,0x0000000016ac0000)]
=>0x0000000015189000 JavaThread "C2 CompilerThread1" daemon [_thread_in_native, id=4160, stack(0x00000000168c0000,0x00000000169c0000)]
  0x0000000015186800 JavaThread "C2 CompilerThread0" daemon [_thread_in_native, id=12436, stack(0x00000000167c0000,0x00000000168c0000)]
  0x0000000015184800 JavaThread "Attach Listener" daemon [_thread_blocked, id=11740, stack(0x00000000166c0000,0x00000000167c0000)]
  0x0000000015183000 JavaThread "Signal Dispatcher" daemon [_thread_blocked, id=8944, stack(0x00000000165c0000,0x00000000166c0000)]
  0x0000000015170000 JavaThread "Finalizer" daemon [_thread_blocked, id=11272, stack(0x00000000163d0000,0x00000000164d0000)]
  0x0000000002b89000 JavaThread "Reference Handler" daemon [_thread_blocked, id=12872, stack(0x00000000162d0000,0x00000000163d0000)]
  0x0000000002a94800 JavaThread "main" [_thread_in_native, id=8928, stack(0x0000000002990000,0x0000000002a90000)]

Other Threads:
  0x0000000015148800 VMThread [stack: 0x00000000161d0000,0x00000000162d0000] [id=12928]
  0x0000000016ad5000 WatcherThread [stack: 0x0000000016fc0000,0x00000000170c0000] [id=8952]

VM state:not at safepoint (normal execution)

VM Mutex/Monitor currently owned by a thread: None

Heap:
 PSYoungGen      total 35328K, used 7326K [0x00000000eb300000, 0x00000000ed800000, 0x0000000100000000)
  eden space 32768K, 15% used [0x00000000eb300000,0x00000000eb81abe0,0x00000000ed300000)
  from space 2560K, 81% used [0x00000000ed580000,0x00000000ed78cc90,0x00000000ed800000)
  to   space 2560K, 0% used [0x00000000ed300000,0x00000000ed300000,0x00000000ed580000)
 ParOldGen       total 44032K, used 16K [0x00000000c1800000, 0x00000000c4300000, 0x00000000eb300000)
  object space 44032K, 0% used [0x00000000c1800000,0x00000000c1804000,0x00000000c4300000)
 Metaspace       used 3582K, capacity 4856K, committed 5120K, reserved 1056768K
  class space    used 371K, capacity 424K, committed 512K, reserved 1048576K

Card table byte_map: [0x0000000011f50000,0x0000000012150000] byte_map_base: 0x0000000011944000

Marking Bits: (ParMarkBitMap*) 0x0000000066dda6d0
 Begin Bits: [0x00000000126a0000, 0x0000000013640000)
 End Bits:   [0x0000000013640000, 0x00000000145e0000)

Polling page: 0x0000000000fd0000

CodeCache: size=245760Kb used=2003Kb max_used=2003Kb free=243756Kb
 bounds [0x0000000002b90000, 0x0000000002e00000, 0x0000000011b90000]
 total_blobs=546 nmethods=310 adapters=149
 compilation: enabled

Compilation events (10 events):
Event: 1.128 Thread 0x000000001518d000 nmethod 306 0x0000000002d83250 code [0x0000000002d833c0, 0x0000000002d835e8]
Event: 1.148 Thread 0x000000001518d000  307   !   3       sun.misc.MetaIndex::getJarMap (61 bytes)
Event: 1.149 Thread 0x000000001518d000 nmethod 307 0x0000000002d829d0 code [0x0000000002d82b60, 0x0000000002d83090]
Event: 1.149 Thread 0x000000001518d000  308       3       java.lang.StringBuilder::append (9 bytes)
Event: 1.150 Thread 0x000000001518d000 nmethod 308 0x0000000002d822d0 code [0x0000000002d82460, 0x0000000002d82858]
Event: 1.158 Thread 0x000000001518d000  309       3       sun.misc.MetaIndex::forJar (13 bytes)
Event: 1.158 Thread 0x000000001518d000 nmethod 309 0x0000000002d81d50 code [0x0000000002d81ec0, 0x0000000002d821d8]
Event: 1.183 Thread 0x000000001518d000  310       3       sun.misc.URLClassPath$JarLoader::<init> (141 bytes)
Event: 1.186 Thread 0x000000001518d000 nmethod 310 0x0000000002d7c010 code [0x0000000002d7c340, 0x0000000002d7dda8]
Event: 1.189 Thread 0x000000001518d000  311       3       sun.misc.FileURLMapper::exists (19 bytes)

GC Heap History (4 events):
Event: 0.630 GC heap before
{Heap before GC invocations=1 (full 0):
 PSYoungGen      total 18944K, used 16384K [0x00000000eb300000, 0x00000000ec800000, 0x0000000100000000)
  eden space 16384K, 100% used [0x00000000eb300000,0x00000000ec300000,0x00000000ec300000)
  from space 2560K, 0% used [0x00000000ec580000,0x00000000ec580000,0x00000000ec800000)
  to   space 2560K, 0% used [0x00000000ec300000,0x00000000ec300000,0x00000000ec580000)
 ParOldGen       total 44032K, used 0K [0x00000000c1800000, 0x00000000c4300000, 0x00000000eb300000)
  object space 44032K, 0% used [0x00000000c1800000,0x00000000c1800000,0x00000000c4300000)
 Metaspace       used 3233K, capacity 4664K, committed 4864K, reserved 1056768K
  class space    used 351K, capacity 424K, committed 512K, reserved 1048576K
Event: 0.659 GC heap after
Heap after GC invocations=1 (full 0):
 PSYoungGen      total 18944K, used 899K [0x00000000eb300000, 0x00000000ed800000, 0x0000000100000000)
  eden space 16384K, 0% used [0x00000000eb300000,0x00000000eb300000,0x00000000ec300000)
  from space 2560K, 35% used [0x00000000ec300000,0x00000000ec3e0e50,0x00000000ec580000)
  to   space 2560K, 0% used [0x00000000ed580000,0x00000000ed580000,0x00000000ed800000)
 ParOldGen       total 44032K, used 8K [0x00000000c1800000, 0x00000000c4300000, 0x00000000eb300000)
  object space 44032K, 0% used [0x00000000c1800000,0x00000000c1802000,0x00000000c4300000)
 Metaspace       used 3233K, capacity 4664K, committed 4864K, reserved 1056768K
  class space    used 351K, capacity 424K, committed 512K, reserved 1048576K
}
Event: 1.003 GC heap before
{Heap before GC invocations=2 (full 0):
 PSYoungGen      total 18944K, used 17283K [0x00000000eb300000, 0x00000000ed800000, 0x0000000100000000)
  eden space 16384K, 100% used [0x00000000eb300000,0x00000000ec300000,0x00000000ec300000)
  from space 2560K, 35% used [0x00000000ec300000,0x00000000ec3e0e50,0x00000000ec580000)
  to   space 2560K, 0% used [0x00000000ed580000,0x00000000ed580000,0x00000000ed800000)
 ParOldGen       total 44032K, used 8K [0x00000000c1800000, 0x00000000c4300000, 0x00000000eb300000)
  object space 44032K, 0% used [0x00000000c1800000,0x00000000c1802000,0x00000000c4300000)
 Metaspace       used 3551K, capacity 4856K, committed 5120K, reserved 1056768K
  class space    used 371K, capacity 424K, committed 512K, reserved 1048576K
Event: 1.007 GC heap after
Heap after GC invocations=2 (full 0):
 PSYoungGen      total 35328K, used 2099K [0x00000000eb300000, 0x00000000ed800000, 0x0000000100000000)
  eden space 32768K, 0% used [0x00000000eb300000,0x00000000eb300000,0x00000000ed300000)
  from space 2560K, 81% used [0x00000000ed580000,0x00000000ed78cc90,0x00000000ed800000)
  to   space 2560K, 0% used [0x00000000ed300000,0x00000000ed300000,0x00000000ed580000)
 ParOldGen       total 44032K, used 16K [0x00000000c1800000, 0x00000000c4300000, 0x00000000eb300000)
  object space 44032K, 0% used [0x00000000c1800000,0x00000000c1804000,0x00000000c4300000)
 Metaspace       used 3551K, capacity 4856K, committed 5120K, reserved 1056768K
  class space    used 371K, capacity 424K, committed 512K, reserved 1048576K
}

Deoptimization events (0 events):
No events

Internal exceptions (10 events):
Event: 1.188 Thread 0x0000000002a94800 Exception <a 'java/security/PrivilegedActionException'> (0x00000000eb781278) thrown at [C:\re\workspace\8-2-build-windows-amd64-cygwin\jdk8u112\7884\hotspot\src\share\vm\prims\jvm.cpp, line 1390]
Event: 1.188 Thread 0x0000000002a94800 Exception <a 'java/security/PrivilegedActionException'> (0x00000000eb781488) thrown at [C:\re\workspace\8-2-build-windows-amd64-cygwin\jdk8u112\7884\hotspot\src\share\vm\prims\jvm.cpp, line 1390]
Event: 1.188 Thread 0x0000000002a94800 Exception <a 'java/security/PrivilegedActionException'> (0x00000000eb782c28) thrown at [C:\re\workspace\8-2-build-windows-amd64-cygwin\jdk8u112\7884\hotspot\src\share\vm\prims\jvm.cpp, line 1390]
Event: 1.188 Thread 0x0000000002a94800 Exception <a 'java/security/PrivilegedActionException'> (0x00000000eb782e38) thrown at [C:\re\workspace\8-2-build-windows-amd64-cygwin\jdk8u112\7884\hotspot\src\share\vm\prims\jvm.cpp, line 1390]
Event: 1.188 Thread 0x0000000002a94800 Exception <a 'java/security/PrivilegedActionException'> (0x00000000eb7844f0) thrown at [C:\re\workspace\8-2-build-windows-amd64-cygwin\jdk8u112\7884\hotspot\src\share\vm\prims\jvm.cpp, line 1390]
Event: 1.188 Thread 0x0000000002a94800 Exception <a 'java/security/PrivilegedActionException'> (0x00000000eb784700) thrown at [C:\re\workspace\8-2-build-windows-amd64-cygwin\jdk8u112\7884\hotspot\src\share\vm\prims\jvm.cpp, line 1390]
Event: 1.188 Thread 0x0000000002a94800 Exception <a 'java/security/PrivilegedActionException'> (0x00000000eb786ad8) thrown at [C:\re\workspace\8-2-build-windows-amd64-cygwin\jdk8u112\7884\hotspot\src\share\vm\prims\jvm.cpp, line 1390]
Event: 1.188 Thread 0x0000000002a94800 Exception <a 'java/security/PrivilegedActionException'> (0x00000000eb786ce8) thrown at [C:\re\workspace\8-2-build-windows-amd64-cygwin\jdk8u112\7884\hotspot\src\share\vm\prims\jvm.cpp, line 1390]
Event: 1.189 Thread 0x0000000002a94800 Exception <a 'java/security/PrivilegedActionException'> (0x00000000eb7888d0) thrown at [C:\re\workspace\8-2-build-windows-amd64-cygwin\jdk8u112\7884\hotspot\src\share\vm\prims\jvm.cpp, line 1390]
Event: 1.189 Thread 0x0000000002a94800 Exception <a 'java/security/PrivilegedActionException'> (0x00000000eb788ae0) thrown at [C:\re\workspace\8-2-build-windows-amd64-cygwin\jdk8u112\7884\hotspot\src\share\vm\prims\jvm.cpp, line 1390]

Events (10 events):
Event: 0.879 Thread 0x0000000002a94800 DEOPT PACKING pc=0x0000000002ca9af6 sp=0x0000000002a8b410
Event: 0.879 Thread 0x0000000002a94800 DEOPT UNPACKING pc=0x0000000002bd787f sp=0x0000000002a8b0e8 mode 0
Event: 0.915 Thread 0x0000000002a94800 DEOPT PACKING pc=0x0000000002d1b5da sp=0x0000000002a8b220
Event: 0.915 Thread 0x0000000002a94800 DEOPT UNPACKING pc=0x0000000002bd787f sp=0x0000000002a8b0c8 mode 0
Event: 1.003 Executing VM operation: ParallelGCFailedAllocation
Event: 1.007 Executing VM operation: ParallelGCFailedAllocation done
Event: 1.110 Thread 0x0000000002a94800 DEOPT PACKING pc=0x0000000002ccb90c sp=0x0000000002a89b20
Event: 1.110 Thread 0x0000000002a94800 DEOPT UNPACKING pc=0x0000000002bd787f sp=0x0000000002a89998 mode 0
Event: 1.187 Thread 0x0000000002a94800 DEOPT PACKING pc=0x0000000002ccb90c sp=0x0000000002a8a8c0
Event: 1.187 Thread 0x0000000002a94800 DEOPT UNPACKING pc=0x0000000002bd787f sp=0x0000000002a8a738 mode 0


Dynamic libraries:
0x00007ff6263d0000 - 0x00007ff626407000 	C:\Program Files\Java\jdk1.8.0_112\bin\java.exe
0x00007ffa480a0000 - 0x00007ffa48271000 	C:\WINDOWS\SYSTEM32\ntdll.dll
0x00007ffa47ab0000 - 0x00007ffa47b5b000 	C:\WINDOWS\System32\KERNEL32.DLL
0x00007ffa45310000 - 0x00007ffa4552d000 	C:\WINDOWS\System32\KERNELBASE.dll
0x00007ffa47a00000 - 0x00007ffa47aa2000 	C:\WINDOWS\System32\ADVAPI32.dll
0x00007ffa47760000 - 0x00007ffa477fe000 	C:\WINDOWS\System32\msvcrt.dll
0x00007ffa479a0000 - 0x00007ffa479f9000 	C:\WINDOWS\System32\sechost.dll
0x00007ffa46c40000 - 0x00007ffa46d61000 	C:\WINDOWS\System32\RPCRT4.dll
0x00007ffa46f10000 - 0x00007ffa47075000 	C:\WINDOWS\System32\USER32.dll
0x00007ffa44890000 - 0x00007ffa448ae000 	C:\WINDOWS\System32\win32u.dll
0x00007ffa46ed0000 - 0x00007ffa46f04000 	C:\WINDOWS\System32\GDI32.dll
0x00007ffa44690000 - 0x00007ffa44812000 	C:\WINDOWS\System32\gdi32full.dll
0x00007ffa3e9d0000 - 0x00007ffa3ec4a000 	C:\WINDOWS\WinSxS\amd64_microsoft.windows.common-controls_6595b64144ccf1df_6.0.14393.953_none_42151e83c686086b\COMCTL32.dll
0x00007ffa47dd0000 - 0x00007ffa48098000 	C:\WINDOWS\System32\combase.dll
0x00007ffa44590000 - 0x00007ffa44685000 	C:\WINDOWS\System32\ucrtbase.dll
0x00007ffa44820000 - 0x00007ffa4488a000 	C:\WINDOWS\System32\bcryptPrimitives.dll
0x00007ffa47da0000 - 0x00007ffa47dce000 	C:\WINDOWS\System32\IMM32.DLL
0x00000000664e0000 - 0x00000000665b2000 	C:\Program Files\Java\jdk1.8.0_112\jre\bin\msvcr100.dll
0x00000000665c0000 - 0x0000000066e5a000 	C:\Program Files\Java\jdk1.8.0_112\jre\bin\server\jvm.dll
0x00007ffa47bf0000 - 0x00007ffa47bf8000 	C:\WINDOWS\System32\PSAPI.DLL
0x00007ffa422b0000 - 0x00007ffa422d3000 	C:\WINDOWS\SYSTEM32\WINMM.dll
0x00007ffa3f290000 - 0x00007ffa3f29a000 	C:\WINDOWS\SYSTEM32\VERSION.dll
0x00007ffa42280000 - 0x00007ffa422ab000 	C:\WINDOWS\SYSTEM32\WINMMBASE.dll
0x00007ffa374c0000 - 0x00007ffa374c9000 	C:\WINDOWS\SYSTEM32\WSOCK32.dll
0x00007ffa45530000 - 0x00007ffa45572000 	C:\WINDOWS\System32\cfgmgr32.dll
0x00007ffa474b0000 - 0x00007ffa4751a000 	C:\WINDOWS\System32\WS2_32.dll
0x0000000066490000 - 0x000000006649f000 	C:\Program Files\Java\jdk1.8.0_112\jre\bin\verify.dll
0x0000000066460000 - 0x0000000066489000 	C:\Program Files\Java\jdk1.8.0_112\jre\bin\java.dll
0x0000000066440000 - 0x0000000066456000 	C:\Program Files\Java\jdk1.8.0_112\jre\bin\zip.dll
0x00007ffa456d0000 - 0x00007ffa46bd8000 	C:\WINDOWS\System32\SHELL32.dll
0x00007ffa44ae0000 - 0x00007ffa451ba000 	C:\WINDOWS\System32\windows.storage.dll
0x00007ffa44500000 - 0x00007ffa4454c000 	C:\WINDOWS\System32\powrprof.dll
0x00007ffa47b80000 - 0x00007ffa47bd2000 	C:\WINDOWS\System32\shlwapi.dll
0x00007ffa44560000 - 0x00007ffa4456f000 	C:\WINDOWS\System32\kernel.appcore.dll
0x00007ffa45580000 - 0x00007ffa45629000 	C:\WINDOWS\System32\shcore.dll
0x00007ffa44570000 - 0x00007ffa44584000 	C:\WINDOWS\System32\profapi.dll

VM Arguments:
jvm_args: -Dfile.encoding=UTF-8 -Xbootclasspath/p:C:\Program Files\NetBeans 8.1\enterprise\modules\ext\javaee7-endorsed\javax.annotation-api.jar;C:\Program Files\NetBeans 8.1\enterprise\modules\ext\javaee7-endorsed\javax.xml.soap-api.jar;C:\Program Files\NetBeans 8.1\enterprise\modules\ext\javaee7-endorsed\jaxb-api-osgi.jar;C:\Program Files\NetBeans 8.1\enterprise\modules\ext\javaee7-endorsed\jaxws-api.jar;C:\Program Files\NetBeans 8.1\enterprise\modules\ext\javaee7-endorsed\jsr181-api.jar 
java_command: model.ScheduleModel
java_class_path (initial): D:\WORKPLACE\Netbeans\WebApplication\WebApplication.teamfive\build\web\WEB-INF\classes;C:\Program Files\NetBeans 8.1\ide\modules\org-apache-commons-logging.jar;C:\Program Files\NetBeans 8.1\java\modules\ext\cglib-2.2.jar;C:\Program Files\NetBeans 8.1\java\modules\ext\spring-4\spring-aop-4.0.1.RELEASE.jar;C:\Program Files\NetBeans 8.1\java\modules\ext\spring-4\spring-aspects-4.0.1.RELEASE.jar;C:\Program Files\NetBeans 8.1\java\modules\ext\spring-4\spring-beans-4.0.1.RELEASE.jar;C:\Program Files\NetBeans 8.1\java\modules\ext\spring-4\spring-build-src-4.0.1.RELEASE.jar;C:\Program Files\NetBeans 8.1\java\modules\ext\spring-4\spring-context-4.0.1.RELEASE.jar;C:\Program Files\NetBeans 8.1\java\modules\ext\spring-4\spring-context-support-4.0.1.RELEASE.jar;C:\Program Files\NetBeans 8.1\java\modules\ext\spring-4\spring-core-4.0.1.RELEASE.jar;C:\Program Files\NetBeans 8.1\java\modules\ext\spring-4\spring-expression-4.0.1.RELEASE.jar;C:\Program Files\NetBeans 8.1\java\modules\ext\spring-4\spring-framework-bom-4.0.1.RELEASE.jar;C:\Program Files\NetBeans 8.1\java\modules\ext\spring-4\spring-instrument-4.0.1.RELEASE.jar;C:\Program Files\NetBeans 8.1\java\modules\ext\spring-4\spring-instrument-tomcat-4.0.1.RELEASE.jar;C:\Program Files\NetBeans 8.1\java\modules\ext\spring-4\spring-jdbc-4.0.1.RELEASE.jar;C:\Program Files\NetBeans 8.1\java\modules\ext\spring-4\spring-jms-4.0.1.RELEASE.jar;C:\Program Files\NetBeans 8.1\java\modules\ext\spring-4\spring-messaging-4.0.1.RELEASE.jar;C:\Program Files\NetBeans 8.1\java\modules\ext\spring-4\spring-orm-4.0.1.RELEASE.jar;C:\Program Files\NetBeans 8.1\java\modules\ext\spring-4\spring-oxm-4.0.1.RELEASE.jar;C:\Program Files\NetBeans 8.1\java\modules\ext\spring-4\spring-test-4.0.1.RELEASE.jar;C:\Program Files\NetBeans 8.1\java\modules\ext\spring-4\spring-tx-4.0.1.RELEASE.jar;C:\Program Files\NetBeans 8.1\java\modules\ext\spring-4\spring-web-4.0.1.RELEASE.jar;C:\Program Files\NetBeans 8.1\java\modules\ext\spring-4\sprin
Launcher Type: SUN_STANDARD

Environment Variables:
PATH=C:\Program Files\Microsoft MPI\Bin\;C:\Program Files (x86)\Intel\iCLS Client\;C:\Program Files\Intel\iCLS Client\;C:\ProgramData\Oracle\Java\javapath;C:\Windows\system32;C:\Windows;C:\Windows\System32\Wbem;C:\Windows\System32\WindowsPowerShell\v1.0\;C:\Program Files (x86)\NVIDIA Corporation\PhysX\Common;C:\WINDOWS\system32\config\systemprofile\.dnx\bin;C:\Program Files\Microsoft DNX\Dnvm\;C:\Program Files\Intel\Intel(R) Management Engine Components\DAL;C:\Program Files\Intel\Intel(R) Management Engine Components\IPT;C:\Program Files (x86)\Intel\Intel(R) Management Engine Components\DAL;C:\Program Files (x86)\Intel\Intel(R) Management Engine Components\IPT;C:\WINDOWS\system32;C:\WINDOWS;C:\WINDOWS\System32\Wbem;C:\WINDOWS\System32\WindowsPowerShell\v1.0\;C:\Program Files (x86)\Microsoft SQL Server\130\Tools\Binn\;C:\Program Files\Microsoft SQL Server\130\Tools\Binn\;C:\Program Files (x86)\Microsoft SQL Server\130\DTS\Binn\;C:\Program Files\Microsoft SQL Server\130\DTS\Binn\;C:\Program Files\Microsoft SQL Server\Client SDK\ODBC\130\Tools\Binn\;C:\Program Files (x86)\Microsoft SQL Server\Client SDK\ODBC\130\Tools\Binn\;C:\Program Files (x86)\Microsoft SQL Server\130\Tools\Binn\ManagementStudio\;C:\CooCox\CoIDE_V2Beta\bin;C:\Program Files (x86)\Rational\common;C:\Program Files\MySQL\MySQL Utilities 1.6\;C:\CooCox\CoIDE\gcc\bin;C:\Program Files (x86)\Skype\Phone\;C:\Users\NGUYEN VAN THIEN\AppData\Local\Microsoft\WindowsApps;
USERNAME=NGUYEN VAN THIEN
OS=Windows_NT
PROCESSOR_IDENTIFIER=Intel64 Family 6 Model 69 Stepping 1, GenuineIntel



---------------  S Y S T E M  ---------------

OS: Windows 10.0 , 64 bit Build 14393 (10.0.14393.0)

CPU:total 4 (2 cores per cpu, 2 threads per core) family 6 model 69 stepping 1, cmov, cx8, fxsr, mmx, sse, sse2, sse3, ssse3, sse4.1, sse4.2, popcnt, avx, avx2, aes, clmul, erms, lzcnt, ht, tsc, tscinvbit, bmi1, bmi2

Memory: 4k page, physical 4095984k(294876k free), swap 16678896k(5256k free)

vm_info: Java HotSpot(TM) 64-Bit Server VM (25.112-b15) for windows-amd64 JRE (1.8.0_112-b15), built on Sep 22 2016 21:31:56 by "java_re" with MS VC++ 10.0 (VS2010)

time: Mon May 01 00:52:19 2017
elapsed time: 1 seconds (0d 0h 0m 1s)

